{
  "stats": {
    "suites": 1,
    "tests": 6,
    "passes": 6,
    "pending": 0,
    "failures": 0,
    "start": "2022-06-07T03:55:52.472Z",
    "end": "2022-06-07T03:56:02.545Z",
    "duration": 10073,
    "testsRegistered": 6,
    "passPercent": 100,
    "pendingPercent": 0,
    "other": 0,
    "hasOther": false,
    "skipped": 0,
    "hasSkipped": false
  },
  "results": [
    {
      "uuid": "4c5148ed-2e7b-4212-984b-14afc15791dc",
      "title": "",
      "fullFile": "cypress/integration/sauce.spec.js",
      "file": "cypress/integration/sauce.spec.js",
      "beforeHooks": [],
      "afterHooks": [],
      "tests": [],
      "suites": [
        {
          "uuid": "e8864f01-36c4-4b25-9b7c-dda6e169eda4",
          "title": "Login Page - Standard User Suite",
          "fullFile": "",
          "file": "",
          "beforeHooks": [],
          "afterHooks": [],
          "tests": [
            {
              "title": "Check for Standard User - Valid",
              "fullTitle": "Login Page - Standard User Suite Check for Standard User - Valid",
              "timedOut": null,
              "duration": 3502,
              "state": "passed",
              "speed": "slow",
              "pass": true,
              "fail": false,
              "pending": false,
              "context": null,
              "code": "// by ID\ncy.get('#user-name').type('standard_user');\ncy.get('#password').type('secret_sauce');\ncy.get('#login-button').click();\ncy.contains('Products').should('be.visible');",
              "err": {},
              "uuid": "2d6e6720-a53f-4686-bf7c-d02a21f29ffd",
              "parentUUID": "e8864f01-36c4-4b25-9b7c-dda6e169eda4",
              "isHook": false,
              "skipped": false
            },
            {
              "title": "Check for Standard User - Invalid username",
              "fullTitle": "Login Page - Standard User Suite Check for Standard User - Invalid username",
              "timedOut": null,
              "duration": 1482,
              "state": "passed",
              "speed": "slow",
              "pass": true,
              "fail": false,
              "pending": false,
              "context": null,
              "code": "//by attribute name and value\ncy.get('[placeholder=\"Username\"]').type('ora_standard');\ncy.get('[placeholder=\"Password\"]').type('secret_sauce');\ncy.get('[type=\"submit\"]').click();\ncy.get('[class=\"error-message-container error\"]').should('be.visible');",
              "err": {},
              "uuid": "69698995-d17c-4a84-ae66-6da684b81f23",
              "parentUUID": "e8864f01-36c4-4b25-9b7c-dda6e169eda4",
              "isHook": false,
              "skipped": false
            },
            {
              "title": "Check for Standard User - Invalid password",
              "fullTitle": "Login Page - Standard User Suite Check for Standard User - Invalid password",
              "timedOut": null,
              "duration": 1270,
              "state": "passed",
              "speed": "slow",
              "pass": true,
              "fail": false,
              "pending": false,
              "context": null,
              "code": "//by tag and attribute\ncy.get('input[placeholder=\"Username\"]').type('standard_user');\ncy.get('input[placeholder=\"Password\"]').type('salah_password');\ncy.get('input[type=\"submit\"]').click();\ncy.get('[class=\"error-message-container error\"]').should('be.visible');",
              "err": {},
              "uuid": "efcac1b7-b5b9-4cff-a530-ffce44f72954",
              "parentUUID": "e8864f01-36c4-4b25-9b7c-dda6e169eda4",
              "isHook": false,
              "skipped": false
            },
            {
              "title": "Check for Standard User - Invalid username and password",
              "fullTitle": "Login Page - Standard User Suite Check for Standard User - Invalid username and password",
              "timedOut": null,
              "duration": 1184,
              "state": "passed",
              "speed": "slow",
              "pass": true,
              "fail": false,
              "pending": false,
              "context": null,
              "code": "//by combination with ID\ncy.get('input[placeholder=\"Username\"]#user-name').type('ora_standard');\ncy.get('input[placeholder=\"Password\"]#password').type('salah_password');\ncy.get('input[type=\"submit\"]#login-button').click();\ncy.get('[class=\"error-message-container error\"]').should('be.visible');",
              "err": {},
              "uuid": "f50f0ee1-fe89-476d-a0e2-20b016b1d60d",
              "parentUUID": "e8864f01-36c4-4b25-9b7c-dda6e169eda4",
              "isHook": false,
              "skipped": false
            },
            {
              "title": "Check for Standard User by Traveling",
              "fullTitle": "Login Page - Standard User Suite Check for Standard User by Traveling",
              "timedOut": null,
              "duration": 1357,
              "state": "passed",
              "speed": "slow",
              "pass": true,
              "fail": false,
              "pending": false,
              "context": null,
              "code": "// travel through the DOM\ncy.get('#user-name').parents('form').find('[name=\"user-name\"]').type('standard_user').parents('form').find('[name=\"password\"]').type('secret_sauce').parents('form').find('input').contains('Login').click();\ncy.contains('Products').should('be.visible');",
              "err": {},
              "uuid": "116087c9-20cb-4957-ab6e-a25c469e37c7",
              "parentUUID": "e8864f01-36c4-4b25-9b7c-dda6e169eda4",
              "isHook": false,
              "skipped": false
            },
            {
              "title": "Contoh .then",
              "fullTitle": "Login Page - Standard User Suite Contoh .then",
              "timedOut": null,
              "duration": 914,
              "state": "passed",
              "speed": "slow",
              "pass": true,
              "fail": false,
              "pending": false,
              "context": null,
              "code": "cy.get('#user-name').then(uname => {\n  uname.val('Coba aja');\n  uname.val('');\n  let a = cy.wrap(uname);\n  a.type('coba lagi via wrap');\n});",
              "err": {},
              "uuid": "1fb06167-73ea-48c3-bf8c-c7ef6c25e732",
              "parentUUID": "e8864f01-36c4-4b25-9b7c-dda6e169eda4",
              "isHook": false,
              "skipped": false
            }
          ],
          "suites": [],
          "passes": [
            "2d6e6720-a53f-4686-bf7c-d02a21f29ffd",
            "69698995-d17c-4a84-ae66-6da684b81f23",
            "efcac1b7-b5b9-4cff-a530-ffce44f72954",
            "f50f0ee1-fe89-476d-a0e2-20b016b1d60d",
            "116087c9-20cb-4957-ab6e-a25c469e37c7",
            "1fb06167-73ea-48c3-bf8c-c7ef6c25e732"
          ],
          "failures": [],
          "pending": [],
          "skipped": [],
          "duration": 9709,
          "root": false,
          "rootEmpty": false,
          "_timeout": 2000
        }
      ],
      "passes": [],
      "failures": [],
      "pending": [],
      "skipped": [],
      "duration": 0,
      "root": true,
      "rootEmpty": true,
      "_timeout": 2000
    }
  ],
  "meta": {
    "mocha": {
      "version": "7.0.1"
    },
    "mochawesome": {
      "options": {
        "quiet": false,
        "reportFilename": "mochawesome",
        "saveHtml": false,
        "saveJson": true,
        "consoleReporter": "spec",
        "useInlineDiffs": false,
        "code": true
      },
      "version": "7.0.1"
    },
    "marge": {
      "options": {
        "reportDir": "cypress/results",
        "overwrite": false,
        "html": false,
        "json": true
      },
      "version": "6.0.1"
    }
  }
}