{
  "stats": {
    "suites": 1,
    "tests": 6,
    "passes": 5,
    "pending": 0,
    "failures": 1,
    "start": "2022-06-07T03:42:02.162Z",
    "end": "2022-06-07T03:42:17.792Z",
    "duration": 15630,
    "testsRegistered": 6,
    "passPercent": 83.33333333333334,
    "pendingPercent": 0,
    "other": 0,
    "hasOther": false,
    "skipped": 0,
    "hasSkipped": false
  },
  "results": [
    {
      "uuid": "72081395-5bb7-476e-b6d0-336b40d82784",
      "title": "",
      "fullFile": "cypress/integration/sauce.spec.js",
      "file": "cypress/integration/sauce.spec.js",
      "beforeHooks": [],
      "afterHooks": [],
      "tests": [],
      "suites": [
        {
          "uuid": "fb354b58-ae14-468c-80d8-f2ac124485fc",
          "title": "Login Page - Standard User Suite",
          "fullFile": "",
          "file": "",
          "beforeHooks": [],
          "afterHooks": [],
          "tests": [
            {
              "title": "Check for Standard User - Valid",
              "fullTitle": "Login Page - Standard User Suite Check for Standard User - Valid",
              "timedOut": null,
              "duration": 7655,
              "state": "failed",
              "speed": null,
              "pass": false,
              "fail": true,
              "pending": false,
              "context": null,
              "code": "// by ID\ncy.get('#user-name').type('standard_user');\ncy.get('#password').type('secret_sauce');\ncy.get('#login-button').click();\ncy.contains('Producted').should('be.visible');",
              "err": {
                "message": "AssertionError: Timed out retrying after 4000ms: Expected to find content: 'Producted' but never did.",
                "estack": "AssertionError: Timed out retrying after 4000ms: Expected to find content: 'Producted' but never did.\n    at Context.eval (https://www.saucedemo.com/__cypress/tests?p=cypress/integration/sauce.spec.js:109:30)",
                "diff": null
              },
              "uuid": "24205780-83eb-447b-a34e-5c95715cd384",
              "parentUUID": "fb354b58-ae14-468c-80d8-f2ac124485fc",
              "isHook": false,
              "skipped": false
            },
            {
              "title": "Check for Standard User - Invalid username",
              "fullTitle": "Login Page - Standard User Suite Check for Standard User - Invalid username",
              "timedOut": null,
              "duration": 1469,
              "state": "passed",
              "speed": "slow",
              "pass": true,
              "fail": false,
              "pending": false,
              "context": null,
              "code": "//by attribute name and value\ncy.get('[placeholder=\"Username\"]').type('ora_standard');\ncy.get('[placeholder=\"Password\"]').type('secret_sauce');\ncy.get('[type=\"submit\"]').click();\ncy.get('[class=\"error-message-container error\"]').should('be.visible');",
              "err": {},
              "uuid": "9fafe8f6-27ec-4399-b109-4fe9db30a86f",
              "parentUUID": "fb354b58-ae14-468c-80d8-f2ac124485fc",
              "isHook": false,
              "skipped": false
            },
            {
              "title": "Check for Standard User - Invalid password",
              "fullTitle": "Login Page - Standard User Suite Check for Standard User - Invalid password",
              "timedOut": null,
              "duration": 1752,
              "state": "passed",
              "speed": "slow",
              "pass": true,
              "fail": false,
              "pending": false,
              "context": null,
              "code": "//by tag and attribute\ncy.get('input[placeholder=\"Username\"]').type('standard_user');\ncy.get('input[placeholder=\"Password\"]').type('salah_password');\ncy.get('input[type=\"submit\"]').click();\ncy.get('[class=\"error-message-container error\"]').should('be.visible');",
              "err": {},
              "uuid": "0b06aed3-78b9-4cb6-881e-b98f0aa5f559",
              "parentUUID": "fb354b58-ae14-468c-80d8-f2ac124485fc",
              "isHook": false,
              "skipped": false
            },
            {
              "title": "Check for Standard User - Invalid username and password",
              "fullTitle": "Login Page - Standard User Suite Check for Standard User - Invalid username and password",
              "timedOut": null,
              "duration": 1521,
              "state": "passed",
              "speed": "slow",
              "pass": true,
              "fail": false,
              "pending": false,
              "context": null,
              "code": "//by combination with ID\ncy.get('input[placeholder=\"Username\"]#user-name').type('ora_standard');\ncy.get('input[placeholder=\"Password\"]#password').type('salah_password');\ncy.get('input[type=\"submit\"]#login-button').click();\ncy.get('[class=\"error-message-container error\"]').should('be.visible');",
              "err": {},
              "uuid": "e843f3d7-35e3-4a49-8805-3a1fcf2ef86e",
              "parentUUID": "fb354b58-ae14-468c-80d8-f2ac124485fc",
              "isHook": false,
              "skipped": false
            },
            {
              "title": "Check for Standard User by Traveling",
              "fullTitle": "Login Page - Standard User Suite Check for Standard User by Traveling",
              "timedOut": null,
              "duration": 1523,
              "state": "passed",
              "speed": "slow",
              "pass": true,
              "fail": false,
              "pending": false,
              "context": null,
              "code": "// travel through the DOM\ncy.get('#user-name').parents('form').find('[name=\"user-name\"]').type('standard_user').parents('form').find('[name=\"password\"]').type('secret_sauce').parents('form').find('input').contains('Login').click();\ncy.contains('Products').should('be.visible');",
              "err": {},
              "uuid": "9a0edb9b-b83f-48af-86ea-fcfdc00bdefb",
              "parentUUID": "fb354b58-ae14-468c-80d8-f2ac124485fc",
              "isHook": false,
              "skipped": false
            },
            {
              "title": "Contoh .then",
              "fullTitle": "Login Page - Standard User Suite Contoh .then",
              "timedOut": null,
              "duration": 1401,
              "state": "passed",
              "speed": "slow",
              "pass": true,
              "fail": false,
              "pending": false,
              "context": null,
              "code": "cy.get('#user-name').then(uname => {\n  uname.val('Coba aja');\n  uname.val('');\n  let a = cy.wrap(uname);\n  a.type('coba lagi via wrap');\n});",
              "err": {},
              "uuid": "232282b2-5f59-4676-98c5-1ebda4adde9e",
              "parentUUID": "fb354b58-ae14-468c-80d8-f2ac124485fc",
              "isHook": false,
              "skipped": false
            }
          ],
          "suites": [],
          "passes": [
            "9fafe8f6-27ec-4399-b109-4fe9db30a86f",
            "0b06aed3-78b9-4cb6-881e-b98f0aa5f559",
            "e843f3d7-35e3-4a49-8805-3a1fcf2ef86e",
            "9a0edb9b-b83f-48af-86ea-fcfdc00bdefb",
            "232282b2-5f59-4676-98c5-1ebda4adde9e"
          ],
          "failures": [
            "24205780-83eb-447b-a34e-5c95715cd384"
          ],
          "pending": [],
          "skipped": [],
          "duration": 15321,
          "root": false,
          "rootEmpty": false,
          "_timeout": 2000
        }
      ],
      "passes": [],
      "failures": [],
      "pending": [],
      "skipped": [],
      "duration": 0,
      "root": true,
      "rootEmpty": true,
      "_timeout": 2000
    }
  ],
  "meta": {
    "mocha": {
      "version": "7.0.1"
    },
    "mochawesome": {
      "options": {
        "quiet": false,
        "reportFilename": "mochawesome",
        "saveHtml": false,
        "saveJson": true,
        "consoleReporter": "spec",
        "useInlineDiffs": false,
        "code": true
      },
      "version": "7.0.1"
    },
    "marge": {
      "options": {
        "reportDir": "cypress/results",
        "overwrite": false,
        "html": false,
        "json": true
      },
      "version": "6.0.1"
    }
  }
}