{
  "stats": {
    "suites": 1,
    "tests": 6,
    "passes": 5,
    "pending": 0,
    "failures": 1,
    "start": "2022-06-07T03:43:22.382Z",
    "end": "2022-06-07T03:43:36.009Z",
    "duration": 13627,
    "testsRegistered": 6,
    "passPercent": 83.33333333333334,
    "pendingPercent": 0,
    "other": 0,
    "hasOther": false,
    "skipped": 0,
    "hasSkipped": false
  },
  "results": [
    {
      "uuid": "6a499d62-020e-4999-9660-df3a5d8fdc30",
      "title": "",
      "fullFile": "cypress/integration/sauce.spec.js",
      "file": "cypress/integration/sauce.spec.js",
      "beforeHooks": [],
      "afterHooks": [],
      "tests": [],
      "suites": [
        {
          "uuid": "c7d3c6fe-e5c4-4858-9149-3843ae956fd4",
          "title": "Login Page - Standard User Suite",
          "fullFile": "",
          "file": "",
          "beforeHooks": [],
          "afterHooks": [],
          "tests": [
            {
              "title": "Check for Standard User - Valid",
              "fullTitle": "Login Page - Standard User Suite Check for Standard User - Valid",
              "timedOut": null,
              "duration": 7414,
              "state": "failed",
              "speed": null,
              "pass": false,
              "fail": true,
              "pending": false,
              "context": null,
              "code": "// by ID\ncy.get('#user-name').type('standard_user');\ncy.get('#password').type('secret_sauce');\ncy.get('#login-button').click();\ncy.contains('Producted').should('be.visible');",
              "err": {
                "message": "AssertionError: Timed out retrying after 4000ms: Expected to find content: 'Producted' but never did.",
                "estack": "AssertionError: Timed out retrying after 4000ms: Expected to find content: 'Producted' but never did.\n    at Context.eval (https://www.saucedemo.com/__cypress/tests?p=cypress/integration/sauce.spec.js:109:30)",
                "diff": null
              },
              "uuid": "33c4ff68-0465-4b14-8239-90955ca929e2",
              "parentUUID": "c7d3c6fe-e5c4-4858-9149-3843ae956fd4",
              "isHook": false,
              "skipped": false
            },
            {
              "title": "Check for Standard User - Invalid username",
              "fullTitle": "Login Page - Standard User Suite Check for Standard User - Invalid username",
              "timedOut": null,
              "duration": 1205,
              "state": "passed",
              "speed": "slow",
              "pass": true,
              "fail": false,
              "pending": false,
              "context": null,
              "code": "//by attribute name and value\ncy.get('[placeholder=\"Username\"]').type('ora_standard');\ncy.get('[placeholder=\"Password\"]').type('secret_sauce');\ncy.get('[type=\"submit\"]').click();\ncy.get('[class=\"error-message-container error\"]').should('be.visible');",
              "err": {},
              "uuid": "8cb0e47f-c14d-4ed0-8468-6c601685ccaf",
              "parentUUID": "c7d3c6fe-e5c4-4858-9149-3843ae956fd4",
              "isHook": false,
              "skipped": false
            },
            {
              "title": "Check for Standard User - Invalid password",
              "fullTitle": "Login Page - Standard User Suite Check for Standard User - Invalid password",
              "timedOut": null,
              "duration": 1360,
              "state": "passed",
              "speed": "slow",
              "pass": true,
              "fail": false,
              "pending": false,
              "context": null,
              "code": "//by tag and attribute\ncy.get('input[placeholder=\"Username\"]').type('standard_user');\ncy.get('input[placeholder=\"Password\"]').type('salah_password');\ncy.get('input[type=\"submit\"]').click();\ncy.get('[class=\"error-message-container error\"]').should('be.visible');",
              "err": {},
              "uuid": "43e7ad40-8476-4374-ace9-b2ec4d45c396",
              "parentUUID": "c7d3c6fe-e5c4-4858-9149-3843ae956fd4",
              "isHook": false,
              "skipped": false
            },
            {
              "title": "Check for Standard User - Invalid username and password",
              "fullTitle": "Login Page - Standard User Suite Check for Standard User - Invalid username and password",
              "timedOut": null,
              "duration": 1184,
              "state": "passed",
              "speed": "slow",
              "pass": true,
              "fail": false,
              "pending": false,
              "context": null,
              "code": "//by combination with ID\ncy.get('input[placeholder=\"Username\"]#user-name').type('ora_standard');\ncy.get('input[placeholder=\"Password\"]#password').type('salah_password');\ncy.get('input[type=\"submit\"]#login-button').click();\ncy.get('[class=\"error-message-container error\"]').should('be.visible');",
              "err": {},
              "uuid": "84b11f13-0643-473e-887c-41a14f5ea6a0",
              "parentUUID": "c7d3c6fe-e5c4-4858-9149-3843ae956fd4",
              "isHook": false,
              "skipped": false
            },
            {
              "title": "Check for Standard User by Traveling",
              "fullTitle": "Login Page - Standard User Suite Check for Standard User by Traveling",
              "timedOut": null,
              "duration": 1209,
              "state": "passed",
              "speed": "slow",
              "pass": true,
              "fail": false,
              "pending": false,
              "context": null,
              "code": "// travel through the DOM\ncy.get('#user-name').parents('form').find('[name=\"user-name\"]').type('standard_user').parents('form').find('[name=\"password\"]').type('secret_sauce').parents('form').find('input').contains('Login').click();\ncy.contains('Products').should('be.visible');",
              "err": {},
              "uuid": "b89b183a-6f6c-4bf7-913d-e7170fa3e05f",
              "parentUUID": "c7d3c6fe-e5c4-4858-9149-3843ae956fd4",
              "isHook": false,
              "skipped": false
            },
            {
              "title": "Contoh .then",
              "fullTitle": "Login Page - Standard User Suite Contoh .then",
              "timedOut": null,
              "duration": 850,
              "state": "passed",
              "speed": "slow",
              "pass": true,
              "fail": false,
              "pending": false,
              "context": null,
              "code": "cy.get('#user-name').then(uname => {\n  uname.val('Coba aja');\n  uname.val('');\n  let a = cy.wrap(uname);\n  a.type('coba lagi via wrap');\n});",
              "err": {},
              "uuid": "298db353-113b-40b3-b113-34ae4ab1a273",
              "parentUUID": "c7d3c6fe-e5c4-4858-9149-3843ae956fd4",
              "isHook": false,
              "skipped": false
            }
          ],
          "suites": [],
          "passes": [
            "8cb0e47f-c14d-4ed0-8468-6c601685ccaf",
            "43e7ad40-8476-4374-ace9-b2ec4d45c396",
            "84b11f13-0643-473e-887c-41a14f5ea6a0",
            "b89b183a-6f6c-4bf7-913d-e7170fa3e05f",
            "298db353-113b-40b3-b113-34ae4ab1a273"
          ],
          "failures": [
            "33c4ff68-0465-4b14-8239-90955ca929e2"
          ],
          "pending": [],
          "skipped": [],
          "duration": 13222,
          "root": false,
          "rootEmpty": false,
          "_timeout": 2000
        }
      ],
      "passes": [],
      "failures": [],
      "pending": [],
      "skipped": [],
      "duration": 0,
      "root": true,
      "rootEmpty": true,
      "_timeout": 2000
    }
  ],
  "meta": {
    "mocha": {
      "version": "7.0.1"
    },
    "mochawesome": {
      "options": {
        "quiet": false,
        "reportFilename": "mochawesome",
        "saveHtml": false,
        "saveJson": true,
        "consoleReporter": "spec",
        "useInlineDiffs": false,
        "code": true
      },
      "version": "7.0.1"
    },
    "marge": {
      "options": {
        "reportDir": "cypress/results",
        "overwrite": false,
        "html": false,
        "json": true
      },
      "version": "6.0.1"
    }
  }
}